Build started 10/10/2013 5:22:30 PM.
     1>Project "D:\qp\qpc\ports\win32\vc\qp.vcxproj" on node 2 (Build target(s)).
     1>ClCompile:
         C:\Program Files (x86)\Microsoft Visual Studio 11.0\VC\bin\CL.exe /c /I. /I../../../include /I../../../qep/source /I../../../qf/source /I../../../qs/source /nologo /W4 /WX- /Ox /Oy- /D WIN32 /D NDEBUG /Gm- /MT /GS /fp:precise /Zc:wchar_t /Zc:forScope /Fo"Release\\" /Fd"Release\vc110.pdb" /Gd /TC /wd4127 /analyze- /errorReport:prompt ..\..\..\qep\source\qep.c ..\..\..\qep\source\qfsm_dis.c ..\..\..\qep\source\qfsm_ini.c ..\..\..\qep\source\qhsm_dis.c ..\..\..\qep\source\qhsm_in.c ..\..\..\qep\source\qhsm_ini.c ..\..\..\qep\source\qhsm_top.c ..\..\..\qep\source\qmsm_dis.c ..\..\..\qep\source\qmsm_ini.c ..\..\..\qf\source\qa_ctor.c ..\..\..\qf\source\qa_defer.c ..\..\..\qf\source\qa_fifo.c ..\..\..\qf\source\qa_get_.c ..\..\..\qf\source\qa_lifo.c ..\..\..\qf\source\qa_sub.c ..\..\..\qf\source\qa_usub.c ..\..\..\qf\source\qa_usuba.c ..\..\..\qf\source\qeq_fifo.c ..\..\..\qf\source\qeq_get.c ..\..\..\qf\source\qeq_init.c ..\..\..\qf\source\qeq_lifo.c ..\..\..\qf\source\qf_act.c ..\..\..\qf\source\qf_gc.c ..\..\..\qf\source\qf_log2.c ..\..\..\qf\source\qf_new.c ..\..\..\qf\source\qf_pool.c ..\..\..\qf\source\qf_psini.c ..\..\..\qf\source\qf_pspub.c ..\..\..\qf\source\qf_pwr2.c ..\..\..\qf\source\qf_tick.c ..\..\..\qf\source\qma_ctor.c ..\..\..\qf\source\qmp_get.c ..\..\..\qf\source\qmp_init.c ..\..\..\qf\source\qmp_put.c ..\..\..\qf\source\qte_arm.c ..\..\..\qf\source\qte_ctor.c ..\..\..\qf\source\qte_ctr.c ..\..\..\qf\source\qte_darm.c ..\..\..\qf\source\qte_rarm.c qf_port.c win32_gui.c
         qep.c
         qfsm_dis.c
         qfsm_ini.c
         qhsm_dis.c
         qhsm_in.c
         qhsm_ini.c
         qhsm_top.c
         qmsm_dis.c
         qmsm_ini.c
         qa_ctor.c
         qa_defer.c
         qa_fifo.c
         qa_get_.c
         qa_lifo.c
         qa_sub.c
         qa_usub.c
         qa_usuba.c
         qeq_fifo.c
         qeq_get.c
         qeq_init.c
         Generating Code...
         Compiling...
         qeq_lifo.c
         qf_act.c
         qf_gc.c
         qf_log2.c
         qf_new.c
         qf_pool.c
         qf_psini.c
         qf_pspub.c
         qf_pwr2.c
         qf_tick.c
         qma_ctor.c
         qmp_get.c
         qmp_init.c
         qmp_put.c
         qte_arm.c
         qte_ctor.c
         qte_ctr.c
         qte_darm.c
         qte_rarm.c
         qf_port.c
         Generating Code...
         Compiling...
         win32_gui.c
         Generating Code...
       Lib:
         C:\Program Files (x86)\Microsoft Visual Studio 11.0\VC\bin\Lib.exe /OUT:"D:\qp\qpc\ports\win32\vc\Release\qp.lib" /NOLOGO /LTCG Release\qep.obj
         Release\qfsm_dis.obj
         Release\qfsm_ini.obj
         Release\qhsm_dis.obj
         Release\qhsm_in.obj
         Release\qhsm_ini.obj
         Release\qhsm_top.obj
         Release\qmsm_dis.obj
         Release\qmsm_ini.obj
         Release\qa_ctor.obj
         Release\qa_defer.obj
         Release\qa_fifo.obj
         Release\qa_get_.obj
         Release\qa_lifo.obj
         Release\qa_sub.obj
         Release\qa_usub.obj
         Release\qa_usuba.obj
         Release\qeq_fifo.obj
         Release\qeq_get.obj
         Release\qeq_init.obj
         Release\qeq_lifo.obj
         Release\qf_act.obj
         Release\qf_gc.obj
         Release\qf_log2.obj
         Release\qf_new.obj
         Release\qf_pool.obj
         Release\qf_psini.obj
         Release\qf_pspub.obj
         Release\qf_pwr2.obj
         Release\qf_tick.obj
         Release\qma_ctor.obj
         Release\qmp_get.obj
         Release\qmp_init.obj
         Release\qmp_put.obj
         Release\qte_arm.obj
         Release\qte_ctor.obj
         Release\qte_ctr.obj
         Release\qte_darm.obj
         Release\qte_rarm.obj
         Release\qf_port.obj
         Release\win32_gui.obj
         qp.vcxproj -> D:\qp\qpc\ports\win32\vc\Release\qp.lib
       PostBuildEvent:
         del Release\*.obj Release\*.tlog Release\*.lastbuildstate
         :VCEnd
     1>Done Building Project "D:\qp\qpc\ports\win32\vc\qp.vcxproj" (Build target(s)).

Build succeeded.

Time Elapsed 00:00:09.62
